<?xml version="1.0" encoding="UTF-8"?>
<testng-results skipped="0" failed="0" ignored="0" total="4" passed="4">
  <reporter-output>
  </reporter-output>
  <suite name="Suite" duration-ms="62" started-at="2019-11-02T14:45:34Z" finished-at="2019-11-02T14:45:34Z">
    <groups>
      <group name="regression">
        <method signature="RunThroughTestNGXML.test1()[pri:4, instance:testngframework.testngframework.RunThroughTestNGXML@5dfcfece]" name="test1" class="testngframework.testngframework.RunThroughTestNGXML"/>
        <method signature="RunThroughTestNGXML.test2()[pri:2, instance:testngframework.testngframework.RunThroughTestNGXML@5dfcfece]" name="test2" class="testngframework.testngframework.RunThroughTestNGXML"/>
      </group> <!-- regression -->
      <group name="sanity">
        <method signature="RunThroughTestNGXML.test()[pri:1, instance:testngframework.testngframework.RunThroughTestNGXML@5dfcfece]" name="test" class="testngframework.testngframework.RunThroughTestNGXML"/>
        <method signature="RunThroughTestNGXML.test1()[pri:4, instance:testngframework.testngframework.RunThroughTestNGXML@5dfcfece]" name="test1" class="testngframework.testngframework.RunThroughTestNGXML"/>
        <method signature="RunThroughTestNGXML.test3()[pri:3, instance:testngframework.testngframework.RunThroughTestNGXML@5dfcfece]" name="test3" class="testngframework.testngframework.RunThroughTestNGXML"/>
      </group> <!-- sanity -->
    </groups>
    <test name="Test" duration-ms="62" started-at="2019-11-02T14:45:34Z" finished-at="2019-11-02T14:45:34Z">
      <class name="testngframework.testngframework.RunThroughTestNGXML">
        <test-method status="PASS" signature="test()[pri:1, instance:testngframework.testngframework.RunThroughTestNGXML@5dfcfece]" name="test" duration-ms="15" started-at="2019-11-02T14:45:34Z" finished-at="2019-11-02T14:45:34Z">
          <reporter-output>
          </reporter-output>
        </test-method> <!-- test -->
        <test-method status="PASS" signature="test2()[pri:2, instance:testngframework.testngframework.RunThroughTestNGXML@5dfcfece]" name="test2" duration-ms="0" started-at="2019-11-02T14:45:34Z" finished-at="2019-11-02T14:45:34Z">
          <reporter-output>
          </reporter-output>
        </test-method> <!-- test2 -->
        <test-method status="PASS" signature="test3()[pri:3, instance:testngframework.testngframework.RunThroughTestNGXML@5dfcfece]" name="test3" duration-ms="0" started-at="2019-11-02T14:45:34Z" finished-at="2019-11-02T14:45:34Z">
          <reporter-output>
          </reporter-output>
        </test-method> <!-- test3 -->
        <test-method status="PASS" signature="test1()[pri:4, instance:testngframework.testngframework.RunThroughTestNGXML@5dfcfece]" name="test1" duration-ms="0" started-at="2019-11-02T14:45:34Z" finished-at="2019-11-02T14:45:34Z">
          <reporter-output>
          </reporter-output>
        </test-method> <!-- test1 -->
      </class> <!-- testngframework.testngframework.RunThroughTestNGXML -->
    </test> <!-- Test -->
  </suite> <!-- Suite -->
</testng-results>
