<?xml version="1.0" encoding="UTF-8"?>
<testng-results skipped="0" failed="0" ignored="0" total="4" passed="4">
  <reporter-output>
  </reporter-output>
  <suite name="Default suite" duration-ms="60" started-at="2019-11-16T11:01:13Z" finished-at="2019-11-16T11:01:13Z">
    <groups>
    </groups>
    <test name="Default test" duration-ms="60" started-at="2019-11-16T11:01:13Z" finished-at="2019-11-16T11:01:13Z">
      <class name="testngframework.testngframework.dataProvideTestNG">
        <test-method status="PASS" signature="test(java.lang.String, java.lang.String)[pri:0, instance:testngframework.testngframework.dataProvideTestNG@3a82f6ef]" name="test" duration-ms="12" started-at="2019-11-16T11:01:13Z" data-provider="logintestdata" finished-at="2019-11-16T11:01:13Z">
          <params>
            <param index="0">
              <value>
                <![CDATA[sailaja]]>
              </value>
            </param>
            <param index="1">
              <value>
                <![CDATA[sibyala]]>
              </value>
            </param>
          </params>
          <reporter-output>
          </reporter-output>
        </test-method> <!-- test -->
        <test-method status="PASS" signature="test(java.lang.String, java.lang.String)[pri:0, instance:testngframework.testngframework.dataProvideTestNG@3a82f6ef]" name="test" duration-ms="4" started-at="2019-11-16T11:01:13Z" data-provider="logintestdata" finished-at="2019-11-16T11:01:13Z">
          <params>
            <param index="0">
              <value>
                <![CDATA[testusername]]>
              </value>
            </param>
            <param index="1">
              <value>
                <![CDATA[testpassword]]>
              </value>
            </param>
          </params>
          <reporter-output>
          </reporter-output>
        </test-method> <!-- test -->
        <test-method status="PASS" signature="test1(java.lang.String, java.lang.String)[pri:0, instance:testngframework.testngframework.dataProvideTestNG@3a82f6ef]" name="test1" duration-ms="0" started-at="2019-11-16T11:01:13Z" data-provider="regtestdata" finished-at="2019-11-16T11:01:13Z">
          <params>
            <param index="0">
              <value>
                <![CDATA[xx]]>
              </value>
            </param>
            <param index="1">
              <value>
                <![CDATA[yy]]>
              </value>
            </param>
          </params>
          <reporter-output>
          </reporter-output>
        </test-method> <!-- test1 -->
        <test-method status="PASS" signature="test1(java.lang.String, java.lang.String)[pri:0, instance:testngframework.testngframework.dataProvideTestNG@3a82f6ef]" name="test1" duration-ms="0" started-at="2019-11-16T11:01:13Z" data-provider="regtestdata" finished-at="2019-11-16T11:01:13Z">
          <params>
            <param index="0">
              <value>
                <![CDATA[zz]]>
              </value>
            </param>
            <param index="1">
              <value>
                <![CDATA[gg]]>
              </value>
            </param>
          </params>
          <reporter-output>
          </reporter-output>
        </test-method> <!-- test1 -->
      </class> <!-- testngframework.testngframework.dataProvideTestNG -->
    </test> <!-- Default test -->
  </suite> <!-- Default suite -->
</testng-results>
