<?xml version="1.0" encoding="UTF-8"?>
<!-- Generated by org.testng.reporters.JUnitXMLReporter -->
<testsuite hostname="LAPTOP-8UBEUCNK" ignored="0" name="Default test" tests="4" failures="0" timestamp="16 Nov 2019 11:01:13 GMT" time="0.06" errors="0">
  <testcase name="test" time="0.012" classname="testngframework.testngframework.dataProvideTestNG"/>
  <testcase name="test" time="0.004" classname="testngframework.testngframework.dataProvideTestNG"/>
  <testcase name="test1" time="0.0" classname="testngframework.testngframework.dataProvideTestNG"/>
  <testcase name="test1" time="0.0" classname="testngframework.testngframework.dataProvideTestNG"/>
</testsuite> <!-- Default test -->
