<?xml version="1.0" encoding="UTF-8"?>
<!-- Generated by org.testng.reporters.JUnitXMLReporter -->
<testsuite hostname="LAPTOP-8UBEUCNK" ignored="0" name="Test" tests="4" failures="0" timestamp="02 Nov 2019 14:45:34 GMT" time="0.062" errors="0">
  <testcase name="test" time="0.015" classname="testngframework.testngframework.RunThroughTestNGXML"/>
  <testcase name="test2" time="0.0" classname="testngframework.testngframework.RunThroughTestNGXML"/>
  <testcase name="test3" time="0.0" classname="testngframework.testngframework.RunThroughTestNGXML"/>
  <testcase name="test1" time="0.0" classname="testngframework.testngframework.RunThroughTestNGXML"/>
</testsuite> <!-- Test -->
