<?xml version="1.0" encoding="UTF-8"?>
<!-- Generated by org.testng.reporters.JUnitXMLReporter -->
<testsuite hostname="LAPTOP-8UBEUCNK" ignored="0" name="Test" tests="7" failures="0" timestamp="16 Nov 2019 09:03:40 GMT" time="0.08" errors="0">
  <testcase name="test3" time="0.004" classname="testngframework.testngframework.AnotherTestNGClass"/>
  <testcase name="test4" time="0.008" classname="testngframework.testngframework.AnotherTestNGClass"/>
  <testcase name="test1" time="0.004" classname="testngframework.testngframework.RunThroughTestNGXML"/>
  <testcase name="test1" time="0.004" classname="testngframework.testngframework.RunThroughTestNGXML"/>
  <testcase name="test1" time="0.004" classname="testngframework.testngframework.RunThroughTestNGXML"/>
  <testcase name="test2" time="0.0" classname="testngframework.testngframework.RunThroughTestNGXML"/>
  <testcase name="testSanity" time="0.004" classname="testngframework.testngframework.RunThroughTestNGXML"/>
</testsuite> <!-- Test -->
